2025-07-15T21:30:44.016+09:00  INFO 1845 --- [manageSystem] [restartedMain] c.example.demo.ManageSystemApplication   : Starting ManageSystemApplication using Java 21.0.5 with PID 1845 (/Applications/Eclipse_2023-12.app/Contents/workspace/manageSystem/bin/main started by yamashitatakahumi in /Applications/Eclipse_2023-12.app/Contents/workspace/manageSystem)
2025-07-15T21:30:44.017+09:00 DEBUG 1845 --- [manageSystem] [restartedMain] c.example.demo.ManageSystemApplication   : Running with Spring Boot v3.5.3, Spring v6.2.8
2025-07-15T21:30:44.019+09:00  INFO 1845 --- [manageSystem] [restartedMain] c.example.demo.ManageSystemApplication   : No active profile set, falling back to 1 default profile: "default"
2025-07-15T21:30:44.337+09:00  INFO 1845 --- [manageSystem] [restartedMain] .s.d.r.c.RepositoryConfigurationDelegate : Bootstrapping Spring Data JPA repositories in DEFAULT mode.
2025-07-15T21:30:44.351+09:00  INFO 1845 --- [manageSystem] [restartedMain] .s.d.r.c.RepositoryConfigurationDelegate : Finished Spring Data repository scanning in 12 ms. Found 1 JPA repository interface.
2025-07-15T21:30:44.591+09:00  INFO 1845 --- [manageSystem] [restartedMain] o.s.b.w.embedded.tomcat.TomcatWebServer  : Tomcat initialized with port 8080 (http)
2025-07-15T21:30:44.594+09:00  INFO 1845 --- [manageSystem] [restartedMain] o.apache.catalina.core.StandardService   : Starting service [Tomcat]
2025-07-15T21:30:44.594+09:00  INFO 1845 --- [manageSystem] [restartedMain] o.apache.catalina.core.StandardEngine    : Starting Servlet engine: [Apache Tomcat/10.1.42]
2025-07-15T21:30:44.626+09:00  INFO 1845 --- [manageSystem] [restartedMain] o.a.c.c.C.[Tomcat].[localhost].[/]       : Initializing Spring embedded WebApplicationContext
2025-07-15T21:30:44.626+09:00  INFO 1845 --- [manageSystem] [restartedMain] w.s.c.ServletWebServerApplicationContext : Root WebApplicationContext: initialization completed in 601 ms
2025-07-15T21:30:44.824+09:00  INFO 1845 --- [manageSystem] [restartedMain] com.zaxxer.hikari.HikariDataSource       : HikariPool-2 - Starting...
2025-07-15T21:30:44.869+09:00  INFO 1845 --- [manageSystem] [restartedMain] com.zaxxer.hikari.pool.HikariPool        : HikariPool-2 - Added connection com.mysql.cj.jdbc.ConnectionImpl@21c37c0a
2025-07-15T21:30:44.869+09:00  INFO 1845 --- [manageSystem] [restartedMain] com.zaxxer.hikari.HikariDataSource       : HikariPool-2 - Start completed.
2025-07-15T21:30:44.873+09:00  INFO 1845 --- [manageSystem] [restartedMain] o.hibernate.jpa.internal.util.LogHelper  : HHH000204: Processing PersistenceUnitInfo [name: default]
2025-07-15T21:30:44.878+09:00  INFO 1845 --- [manageSystem] [restartedMain] o.h.c.internal.RegionFactoryInitiator    : HHH000026: Second-level cache disabled
2025-07-15T21:30:44.900+09:00  INFO 1845 --- [manageSystem] [restartedMain] o.s.o.j.p.SpringPersistenceUnitInfo      : No LoadTimeWeaver setup: ignoring JPA class transformer
2025-07-15T21:30:44.908+09:00  INFO 1845 --- [manageSystem] [restartedMain] org.hibernate.orm.connections.pooling    : HHH10001005: Database info:
	Database JDBC URL [Connecting through datasource 'HikariDataSource (HikariPool-2)']
	Database driver: undefined/unknown
	Database version: 9.0.1
	Autocommit mode: undefined/unknown
	Isolation level: undefined/unknown
	Minimum pool size: undefined/unknown
	Maximum pool size: undefined/unknown
2025-07-15T21:30:45.013+09:00  INFO 1845 --- [manageSystem] [restartedMain] o.h.e.t.j.p.i.JtaPlatformInitiator       : HHH000489: No JTA platform available (set 'hibernate.transaction.jta.platform' to enable JTA platform integration)
2025-07-15T21:30:45.016+09:00  INFO 1845 --- [manageSystem] [restartedMain] j.LocalContainerEntityManagerFactoryBean : Initialized JPA EntityManagerFactory for persistence unit 'default'
2025-07-15T21:30:45.281+09:00  INFO 1845 --- [manageSystem] [restartedMain] c.example.demo.aspect.CommonLogAspect    : start：PasswordEncoder com.example.demo.config.BeanDefine.passwordEncoder()
2025-07-15T21:30:45.282+09:00  INFO 1845 --- [manageSystem] [restartedMain] c.example.demo.aspect.CommonLogAspect    : end：PasswordEncoder com.example.demo.config.BeanDefine.passwordEncoder()
2025-07-15T21:30:45.377+09:00  WARN 1845 --- [manageSystem] [restartedMain] JpaBaseConfiguration$JpaWebConfiguration : spring.jpa.open-in-view is enabled by default. Therefore, database queries may be performed during view rendering. Explicitly configure spring.jpa.open-in-view to disable this warning
2025-07-15T21:30:45.635+09:00  INFO 1845 --- [manageSystem] [restartedMain] c.example.demo.aspect.CommonLogAspect    : start：AuthenticationProvider com.example.demo.config.WebSecurityConfig.daoAuthenticationProvider()
2025-07-15T21:30:45.636+09:00  INFO 1845 --- [manageSystem] [restartedMain] c.example.demo.aspect.CommonLogAspect    : end：AuthenticationProvider com.example.demo.config.WebSecurityConfig.daoAuthenticationProvider()
2025-07-15T21:30:45.642+09:00  INFO 1845 --- [manageSystem] [restartedMain] eAuthenticationProviderManagerConfigurer : Global AuthenticationManager configured with AuthenticationProvider bean with name daoAuthenticationProvider
2025-07-15T21:30:45.642+09:00  WARN 1845 --- [manageSystem] [restartedMain] r$InitializeUserDetailsManagerConfigurer : Global AuthenticationManager configured with an AuthenticationProvider bean. UserDetailsService beans will not be used by Spring Security for automatically configuring username/password login. Consider removing the AuthenticationProvider bean. Alternatively, consider using the UserDetailsService in a manually instantiated DaoAuthenticationProvider. If the current configuration is intentional, to turn off this warning, increase the logging level of 'org.springframework.security.config.annotation.authentication.configuration.InitializeUserDetailsBeanManagerConfigurer' to ERROR
2025-07-15T21:30:45.675+09:00  INFO 1845 --- [manageSystem] [restartedMain] c.example.demo.aspect.CommonLogAspect    : start：SecurityFilterChain com.example.demo.config.WebSecurityConfig.securityFilterChain(HttpSecurity)
2025-07-15T21:30:45.726+09:00  INFO 1845 --- [manageSystem] [restartedMain] c.example.demo.aspect.CommonLogAspect    : end：SecurityFilterChain com.example.demo.config.WebSecurityConfig.securityFilterChain(HttpSecurity)
2025-07-15T21:30:46.020+09:00  INFO 1845 --- [manageSystem] [restartedMain] o.s.b.d.a.OptionalLiveReloadServer       : LiveReload server is running on port 35729
2025-07-15T21:30:46.040+09:00  INFO 1845 --- [manageSystem] [restartedMain] o.s.b.w.embedded.tomcat.TomcatWebServer  : Tomcat started on port 8080 (http) with context path '/'
2025-07-15T21:30:46.053+09:00  INFO 1845 --- [manageSystem] [restartedMain] c.example.demo.ManageSystemApplication   : Started ManageSystemApplication in 2.123 seconds (process running for 164.812)
2025-07-15T21:30:46.058+09:00  INFO 1845 --- [manageSystem] [restartedMain] .ConditionEvaluationDeltaLoggingListener : Condition evaluation unchanged
2025-07-15T21:35:25.484+09:00  INFO 1845 --- [manageSystem] [RMI TCP Connection(18)-127.0.0.1] inMXBeanRegistrar$SpringApplicationAdmin : Application shutdown requested.
2025-07-15T21:35:25.489+09:00  INFO 1845 --- [manageSystem] [RMI TCP Connection(18)-127.0.0.1] o.s.b.w.e.tomcat.GracefulShutdown        : Commencing graceful shutdown. Waiting for active requests to complete
2025-07-15T21:35:25.498+09:00  INFO 1845 --- [manageSystem] [tomcat-shutdown] o.s.b.w.e.tomcat.GracefulShutdown        : Graceful shutdown complete
2025-07-15T21:35:25.516+09:00  INFO 1845 --- [manageSystem] [RMI TCP Connection(18)-127.0.0.1] j.LocalContainerEntityManagerFactoryBean : Closing JPA EntityManagerFactory for persistence unit 'default'
2025-07-15T21:35:25.519+09:00  INFO 1845 --- [manageSystem] [RMI TCP Connection(18)-127.0.0.1] com.zaxxer.hikari.HikariDataSource       : HikariPool-2 - Shutdown initiated...
2025-07-15T21:35:25.542+09:00  INFO 1845 --- [manageSystem] [RMI TCP Connection(18)-127.0.0.1] com.zaxxer.hikari.HikariDataSource       : HikariPool-2 - Shutdown completed.
2025-07-15T21:35:48.141+09:00  INFO 1911 --- [manageSystem] [restartedMain] c.example.demo.ManageSystemApplication   : Starting ManageSystemApplication using Java 21.0.5 with PID 1911 (/Applications/Eclipse_2023-12.app/Contents/workspace/manageSystem/bin/main started by yamashitatakahumi in /Applications/Eclipse_2023-12.app/Contents/workspace/manageSystem)
2025-07-15T21:35:48.146+09:00 DEBUG 1911 --- [manageSystem] [restartedMain] c.example.demo.ManageSystemApplication   : Running with Spring Boot v3.5.3, Spring v6.2.8
2025-07-15T21:35:48.154+09:00  INFO 1911 --- [manageSystem] [restartedMain] c.example.demo.ManageSystemApplication   : No active profile set, falling back to 1 default profile: "default"
2025-07-15T21:35:48.273+09:00  INFO 1911 --- [manageSystem] [restartedMain] .e.DevToolsPropertyDefaultsPostProcessor : Devtools property defaults active! Set 'spring.devtools.add-properties' to 'false' to disable
2025-07-15T21:35:48.273+09:00  INFO 1911 --- [manageSystem] [restartedMain] .e.DevToolsPropertyDefaultsPostProcessor : For additional web related logging consider setting the 'logging.level.web' property to 'DEBUG'
2025-07-15T21:35:49.761+09:00  INFO 1911 --- [manageSystem] [restartedMain] .s.d.r.c.RepositoryConfigurationDelegate : Bootstrapping Spring Data JPA repositories in DEFAULT mode.
2025-07-15T21:35:49.883+09:00  INFO 1911 --- [manageSystem] [restartedMain] .s.d.r.c.RepositoryConfigurationDelegate : Finished Spring Data repository scanning in 94 ms. Found 1 JPA repository interface.
2025-07-15T21:35:51.302+09:00  INFO 1911 --- [manageSystem] [restartedMain] o.s.b.w.embedded.tomcat.TomcatWebServer  : Tomcat initialized with port 8080 (http)
2025-07-15T21:35:51.350+09:00  INFO 1911 --- [manageSystem] [restartedMain] o.apache.catalina.core.StandardService   : Starting service [Tomcat]
2025-07-15T21:35:51.351+09:00  INFO 1911 --- [manageSystem] [restartedMain] o.apache.catalina.core.StandardEngine    : Starting Servlet engine: [Apache Tomcat/10.1.42]
2025-07-15T21:35:51.469+09:00  INFO 1911 --- [manageSystem] [restartedMain] o.a.c.c.C.[Tomcat].[localhost].[/]       : Initializing Spring embedded WebApplicationContext
2025-07-15T21:35:51.470+09:00  INFO 1911 --- [manageSystem] [restartedMain] w.s.c.ServletWebServerApplicationContext : Root WebApplicationContext: initialization completed in 3195 ms
2025-07-15T21:35:51.780+09:00  INFO 1911 --- [manageSystem] [restartedMain] com.zaxxer.hikari.HikariDataSource       : HikariPool-1 - Starting...
2025-07-15T21:35:52.340+09:00  INFO 1911 --- [manageSystem] [restartedMain] com.zaxxer.hikari.pool.HikariPool        : HikariPool-1 - Added connection com.mysql.cj.jdbc.ConnectionImpl@25d1329b
2025-07-15T21:35:52.344+09:00  INFO 1911 --- [manageSystem] [restartedMain] com.zaxxer.hikari.HikariDataSource       : HikariPool-1 - Start completed.
2025-07-15T21:35:52.419+09:00  INFO 1911 --- [manageSystem] [restartedMain] o.hibernate.jpa.internal.util.LogHelper  : HHH000204: Processing PersistenceUnitInfo [name: default]
2025-07-15T21:35:52.550+09:00  INFO 1911 --- [manageSystem] [restartedMain] org.hibernate.Version                    : HHH000412: Hibernate ORM core version 6.6.18.Final
2025-07-15T21:35:52.657+09:00  INFO 1911 --- [manageSystem] [restartedMain] o.h.c.internal.RegionFactoryInitiator    : HHH000026: Second-level cache disabled
2025-07-15T21:35:53.275+09:00  INFO 1911 --- [manageSystem] [restartedMain] o.s.o.j.p.SpringPersistenceUnitInfo      : No LoadTimeWeaver setup: ignoring JPA class transformer
2025-07-15T21:35:53.455+09:00  INFO 1911 --- [manageSystem] [restartedMain] org.hibernate.orm.connections.pooling    : HHH10001005: Database info:
	Database JDBC URL [Connecting through datasource 'HikariDataSource (HikariPool-1)']
	Database driver: undefined/unknown
	Database version: 9.0.1
	Autocommit mode: undefined/unknown
	Isolation level: undefined/unknown
	Minimum pool size: undefined/unknown
	Maximum pool size: undefined/unknown
2025-07-15T21:35:54.840+09:00  INFO 1911 --- [manageSystem] [restartedMain] o.h.e.t.j.p.i.JtaPlatformInitiator       : HHH000489: No JTA platform available (set 'hibernate.transaction.jta.platform' to enable JTA platform integration)
2025-07-15T21:35:54.846+09:00  INFO 1911 --- [manageSystem] [restartedMain] j.LocalContainerEntityManagerFactoryBean : Initialized JPA EntityManagerFactory for persistence unit 'default'
2025-07-15T21:35:55.274+09:00  INFO 1911 --- [manageSystem] [restartedMain] c.example.demo.aspect.CommonLogAspect    : start：PasswordEncoder com.example.demo.config.BeanDefine.passwordEncoder()
2025-07-15T21:35:55.277+09:00  INFO 1911 --- [manageSystem] [restartedMain] c.example.demo.aspect.CommonLogAspect    : end：PasswordEncoder com.example.demo.config.BeanDefine.passwordEncoder()
2025-07-15T21:35:55.566+09:00  WARN 1911 --- [manageSystem] [restartedMain] JpaBaseConfiguration$JpaWebConfiguration : spring.jpa.open-in-view is enabled by default. Therefore, database queries may be performed during view rendering. Explicitly configure spring.jpa.open-in-view to disable this warning
2025-07-15T21:35:56.015+09:00  INFO 1911 --- [manageSystem] [restartedMain] c.example.demo.aspect.CommonLogAspect    : start：AuthenticationProvider com.example.demo.config.WebSecurityConfig.daoAuthenticationProvider()
2025-07-15T21:35:56.023+09:00  INFO 1911 --- [manageSystem] [restartedMain] c.example.demo.aspect.CommonLogAspect    : end：AuthenticationProvider com.example.demo.config.WebSecurityConfig.daoAuthenticationProvider()
2025-07-15T21:35:56.031+09:00  INFO 1911 --- [manageSystem] [restartedMain] eAuthenticationProviderManagerConfigurer : Global AuthenticationManager configured with AuthenticationProvider bean with name daoAuthenticationProvider
2025-07-15T21:35:56.032+09:00  WARN 1911 --- [manageSystem] [restartedMain] r$InitializeUserDetailsManagerConfigurer : Global AuthenticationManager configured with an AuthenticationProvider bean. UserDetailsService beans will not be used by Spring Security for automatically configuring username/password login. Consider removing the AuthenticationProvider bean. Alternatively, consider using the UserDetailsService in a manually instantiated DaoAuthenticationProvider. If the current configuration is intentional, to turn off this warning, increase the logging level of 'org.springframework.security.config.annotation.authentication.configuration.InitializeUserDetailsBeanManagerConfigurer' to ERROR
2025-07-15T21:35:56.158+09:00  INFO 1911 --- [manageSystem] [restartedMain] c.example.demo.aspect.CommonLogAspect    : start：SecurityFilterChain com.example.demo.config.WebSecurityConfig.securityFilterChain(HttpSecurity)
2025-07-15T21:35:56.256+09:00  INFO 1911 --- [manageSystem] [restartedMain] c.example.demo.aspect.CommonLogAspect    : end：SecurityFilterChain com.example.demo.config.WebSecurityConfig.securityFilterChain(HttpSecurity)
2025-07-15T21:35:56.872+09:00  INFO 1911 --- [manageSystem] [restartedMain] o.s.b.d.a.OptionalLiveReloadServer       : LiveReload server is running on port 35729
2025-07-15T21:35:56.959+09:00  INFO 1911 --- [manageSystem] [restartedMain] o.s.b.w.embedded.tomcat.TomcatWebServer  : Tomcat started on port 8080 (http) with context path '/'
2025-07-15T21:35:56.979+09:00  INFO 1911 --- [manageSystem] [restartedMain] c.example.demo.ManageSystemApplication   : Started ManageSystemApplication in 9.686 seconds (process running for 11.682)
2025-07-15T21:37:26.036+09:00  INFO 1911 --- [manageSystem] [http-nio-8080-exec-1] o.a.c.c.C.[Tomcat].[localhost].[/]       : Initializing Spring DispatcherServlet 'dispatcherServlet'
2025-07-15T21:37:26.040+09:00  INFO 1911 --- [manageSystem] [http-nio-8080-exec-1] o.s.web.servlet.DispatcherServlet        : Initializing Servlet 'dispatcherServlet'
2025-07-15T21:37:26.050+09:00  INFO 1911 --- [manageSystem] [http-nio-8080-exec-1] o.s.web.servlet.DispatcherServlet        : Completed initialization in 9 ms
2025-07-15T21:37:26.668+09:00  INFO 1911 --- [manageSystem] [http-nio-8080-exec-1] c.example.demo.aspect.CommonLogAspect    : start：String com.example.demo.controller.LoginController.view(Model,LoginForm)
2025-07-15T21:37:26.670+09:00  INFO 1911 --- [manageSystem] [http-nio-8080-exec-1] c.example.demo.aspect.CommonLogAspect    : end：String com.example.demo.controller.LoginController.view(Model,LoginForm)
2025-07-15T21:37:27.335+09:00  WARN 1911 --- [manageSystem] [http-nio-8080-exec-1] actStandardFragmentInsertionTagProcessor : [THYMELEAF][http-nio-8080-exec-1][login] Deprecated unwrapped fragment expression "common/sourceList::sourceList" found in template login, line 8, col 7. Please use the complete syntax of fragment expressions instead ("~{common/sourceList::sourceList}"). The old, unwrapped syntax for fragment expressions will be removed in future versions of Thymeleaf.
2025-07-15T21:37:27.493+09:00  WARN 1911 --- [manageSystem] [http-nio-8080-exec-1] actStandardFragmentInsertionTagProcessor : [THYMELEAF][http-nio-8080-exec-1][login] Deprecated unwrapped fragment expression "common/messageIcon::messageIcon" found in template login, line 9, col 7. Please use the complete syntax of fragment expressions instead ("~{common/messageIcon::messageIcon}"). The old, unwrapped syntax for fragment expressions will be removed in future versions of Thymeleaf.
2025-07-15T21:37:28.031+09:00  INFO 1911 --- [manageSystem] [http-nio-8080-exec-5] c.example.demo.aspect.CommonLogAspect    : start：String com.example.demo.controller.LoginController.view(Model,LoginForm)
2025-07-15T21:37:28.032+09:00  INFO 1911 --- [manageSystem] [http-nio-8080-exec-5] c.example.demo.aspect.CommonLogAspect    : end：String com.example.demo.controller.LoginController.view(Model,LoginForm)
2025-07-15T21:37:28.044+09:00  WARN 1911 --- [manageSystem] [http-nio-8080-exec-5] actStandardFragmentInsertionTagProcessor : [THYMELEAF][http-nio-8080-exec-5][login] Deprecated unwrapped fragment expression "common/sourceList::sourceList" found in template login, line 8, col 7. Please use the complete syntax of fragment expressions instead ("~{common/sourceList::sourceList}"). The old, unwrapped syntax for fragment expressions will be removed in future versions of Thymeleaf.
2025-07-15T21:37:28.046+09:00  WARN 1911 --- [manageSystem] [http-nio-8080-exec-5] actStandardFragmentInsertionTagProcessor : [THYMELEAF][http-nio-8080-exec-5][login] Deprecated unwrapped fragment expression "common/messageIcon::messageIcon" found in template login, line 9, col 7. Please use the complete syntax of fragment expressions instead ("~{common/messageIcon::messageIcon}"). The old, unwrapped syntax for fragment expressions will be removed in future versions of Thymeleaf.
2025-07-15T21:37:42.948+09:00  INFO 1911 --- [manageSystem] [http-nio-8080-exec-6] c.example.demo.aspect.CommonLogAspect    : start：UserDetails com.example.demo.authentication.UserDetailsServiceImpl.loadUserByUsername(String)
2025-07-15T21:37:42.956+09:00  INFO 1911 --- [manageSystem] [http-nio-8080-exec-6] c.example.demo.aspect.CommonLogAspect    : start：Optional org.springframework.data.repository.CrudRepository.findById(Object)
2025-07-15T21:37:43.271+09:00  INFO 1911 --- [manageSystem] [http-nio-8080-exec-6] c.example.demo.aspect.CommonLogAspect    : end：Optional org.springframework.data.repository.CrudRepository.findById(Object)
2025-07-15T21:37:43.275+09:00  INFO 1911 --- [manageSystem] [http-nio-8080-exec-6] c.example.demo.aspect.CommonLogAspect    : end：UserDetails com.example.demo.authentication.UserDetailsServiceImpl.loadUserByUsername(String)
2025-07-15T21:37:43.473+09:00  INFO 1911 --- [manageSystem] [http-nio-8080-exec-6] c.example.demo.aspect.CommonLogAspect    : start：void com.example.demo.authentication.UserDetailsServiceImpl.handle(AuthenticationFailureBadCredentialsEvent)
2025-07-15T21:37:43.473+09:00  INFO 1911 --- [manageSystem] [http-nio-8080-exec-6] c.example.demo.aspect.CommonLogAspect    : start：Optional org.springframework.data.repository.CrudRepository.findById(Object)
2025-07-15T21:37:43.482+09:00  INFO 1911 --- [manageSystem] [http-nio-8080-exec-6] c.example.demo.aspect.CommonLogAspect    : end：Optional org.springframework.data.repository.CrudRepository.findById(Object)
2025-07-15T21:37:43.483+09:00  INFO 1911 --- [manageSystem] [http-nio-8080-exec-6] c.example.demo.aspect.CommonLogAspect    : start：Object org.springframework.data.repository.CrudRepository.save(Object)
2025-07-15T21:37:43.596+09:00  INFO 1911 --- [manageSystem] [http-nio-8080-exec-6] c.example.demo.aspect.CommonLogAspect    : end：Object org.springframework.data.repository.CrudRepository.save(Object)
2025-07-15T21:37:43.597+09:00  INFO 1911 --- [manageSystem] [http-nio-8080-exec-6] c.example.demo.aspect.CommonLogAspect    : end：void com.example.demo.authentication.UserDetailsServiceImpl.handle(AuthenticationFailureBadCredentialsEvent)
2025-07-15T21:37:43.635+09:00  INFO 1911 --- [manageSystem] [http-nio-8080-exec-7] c.example.demo.aspect.CommonLogAspect    : start：String com.example.demo.controller.LoginController.viewWithError(Model,LoginForm)
2025-07-15T21:41:47.751+09:00 ERROR 1911 --- [manageSystem] [http-nio-8080-exec-7] c.example.demo.aspect.CommonLogAspect    : java.lang.NullPointerException: Cannot invoke "java.lang.Exception.getMessage()" because "errorInfo" is null
2025-07-15T21:41:47.752+09:00  INFO 1911 --- [manageSystem] [http-nio-8080-exec-7] c.example.demo.aspect.CommonLogAspect    : end：String com.example.demo.controller.LoginController.viewWithError(Model,LoginForm)
2025-07-15T21:41:47.760+09:00  WARN 1911 --- [manageSystem] [http-nio-8080-exec-7] actStandardFragmentInsertionTagProcessor : [THYMELEAF][http-nio-8080-exec-7][login] Deprecated unwrapped fragment expression "common/sourceList::sourceList" found in template login, line 8, col 7. Please use the complete syntax of fragment expressions instead ("~{common/sourceList::sourceList}"). The old, unwrapped syntax for fragment expressions will be removed in future versions of Thymeleaf.
2025-07-15T21:41:47.763+09:00  WARN 1911 --- [manageSystem] [http-nio-8080-exec-7] actStandardFragmentInsertionTagProcessor : [THYMELEAF][http-nio-8080-exec-7][login] Deprecated unwrapped fragment expression "common/messageIcon::messageIcon" found in template login, line 9, col 7. Please use the complete syntax of fragment expressions instead ("~{common/messageIcon::messageIcon}"). The old, unwrapped syntax for fragment expressions will be removed in future versions of Thymeleaf.
2025-07-15T21:41:48.046+09:00  INFO 1911 --- [manageSystem] [http-nio-8080-exec-2] c.example.demo.aspect.CommonLogAspect    : start：String com.example.demo.controller.LoginController.view(Model,LoginForm)
2025-07-15T21:41:48.047+09:00  INFO 1911 --- [manageSystem] [http-nio-8080-exec-2] c.example.demo.aspect.CommonLogAspect    : end：String com.example.demo.controller.LoginController.view(Model,LoginForm)
2025-07-15T21:41:48.051+09:00  WARN 1911 --- [manageSystem] [http-nio-8080-exec-2] actStandardFragmentInsertionTagProcessor : [THYMELEAF][http-nio-8080-exec-2][login] Deprecated unwrapped fragment expression "common/sourceList::sourceList" found in template login, line 8, col 7. Please use the complete syntax of fragment expressions instead ("~{common/sourceList::sourceList}"). The old, unwrapped syntax for fragment expressions will be removed in future versions of Thymeleaf.
2025-07-15T21:41:48.056+09:00  WARN 1911 --- [manageSystem] [http-nio-8080-exec-2] actStandardFragmentInsertionTagProcessor : [THYMELEAF][http-nio-8080-exec-2][login] Deprecated unwrapped fragment expression "common/messageIcon::messageIcon" found in template login, line 9, col 7. Please use the complete syntax of fragment expressions instead ("~{common/messageIcon::messageIcon}"). The old, unwrapped syntax for fragment expressions will be removed in future versions of Thymeleaf.
2025-07-15T21:43:36.403+09:00  INFO 1911 --- [manageSystem] [RMI TCP Connection(17)-127.0.0.1] inMXBeanRegistrar$SpringApplicationAdmin : Application shutdown requested.
2025-07-15T21:43:36.415+09:00  INFO 1911 --- [manageSystem] [RMI TCP Connection(17)-127.0.0.1] o.s.b.w.e.tomcat.GracefulShutdown        : Commencing graceful shutdown. Waiting for active requests to complete
2025-07-15T21:43:36.425+09:00  INFO 1911 --- [manageSystem] [tomcat-shutdown] o.s.b.w.e.tomcat.GracefulShutdown        : Graceful shutdown complete
2025-07-15T21:43:36.454+09:00  INFO 1911 --- [manageSystem] [RMI TCP Connection(17)-127.0.0.1] j.LocalContainerEntityManagerFactoryBean : Closing JPA EntityManagerFactory for persistence unit 'default'
2025-07-15T21:43:36.467+09:00  INFO 1911 --- [manageSystem] [RMI TCP Connection(17)-127.0.0.1] com.zaxxer.hikari.HikariDataSource       : HikariPool-1 - Shutdown initiated...
2025-07-15T21:43:36.494+09:00  INFO 1911 --- [manageSystem] [RMI TCP Connection(17)-127.0.0.1] com.zaxxer.hikari.HikariDataSource       : HikariPool-1 - Shutdown completed.
